Mono path[0] = '/Users/mgm61/Documents/cambridge_cfi/animal-ai-stablebaselines3/aai/env/AnimalAI.app/Contents/Resources/Data/Managed'
Mono config path = '/Users/mgm61/Documents/cambridge_cfi/animal-ai-stablebaselines3/aai/env/AnimalAI.app/Contents/MonoBleedingEdge/etc'
Initialize engine version: 2021.3.21f1 (1b156197d683)
[Subsystems] Discovering subsystems at path /Users/mgm61/Documents/cambridge_cfi/animal-ai-stablebaselines3/aai/env/AnimalAI.app/Contents/Resources/Data/UnitySubsystems
GfxDevice: creating device client; threaded=1; jobified=0
 preferred device: Apple M3 Pro (high power)
Metal devices available: 1
0: Apple M3 Pro (high power)
Using device Apple M3 Pro (high power)
Initializing Metal device caps: Apple M3 Pro
Begin MonoManager ReloadAssembly
- Completed reload, in  0.068 seconds
UnloadTime: 2.098042 ms
Command Line Args: /Users/mgm61/Documents/cambridge_cfi/animal-ai-stablebaselines3/aai/env/AnimalAI.app/Contents/MacOS/AnimalAI --mlagents-port 5728 -logFile aai/logdir/training-2024_06_10_12_24/Player-0.log --playerMode 0 --useCamera --resolution 15 --raysPerSide 2 --rayMaxDegrees 60 --decisionPeriod 3
Args parsed by Unity: [playerMode, 0] [useCamera, 1] [resolution, 15] [raysPerSide, 2] [rayMaxDegrees, 60] [decisionPeriod, 3]
Set playermode to False
Registered Communicator in Agent.
Current Pass Mark: 1
Pass Mark: 1
Environment loaded with options:
  PlayerMode: False
  useCamera: True
  Resolution: 15
  grayscale: False
  useRayCasts: False
  raysPerSide: 2
  rayMaxDegrees: 60
 (UnityEngine.RenderTexture)
420
420
Episode Begin
Resetting Arena
Updating Arena Configuration
Spawnables has 4 entries
Setting AnimalSkin with ASM: Agent (AnimalSkinManager) and skin: random
Health:100
Velocity: (0.00, 0.00, 0.00)
Position:(16.63, 0.51, 16.64)
Episode Begin
Resetting Arena
Updating Arena Configuration
Spawnables has 4 entries
Setting AnimalSkin with ASM: Agent (AnimalSkinManager) and skin: random
Value of showNotification: False
Current Pass Mark: 1
Metal RecreateSurface[0x106080660]: surface size 32x32
Health:99.96
Velocity: (0.00, -0.19, 0.00)
Position:(19.93, 0.51, 28.73)
